<?xml version="1.0" encoding="UTF-8"?>
<!-- Generated by org.testng.reporters.JUnitReportReporter -->
<testsuite hostname="Amrutamane" failures="0" tests="1" name="FB_TestClass.Facebook_4TestClass" time="11.799" errors="0" timestamp="2022-11-19T11:59:52 IST" skipped="0">
  <testcase classname="FB_TestClass.Facebook_4TestClass" name="verifyUN" time="11.799"/>
  <system-out>
    <![CDATA[Amruta Deshmukh
Amruta Deshmukh]]>
  </system-out>
</testsuite> <!-- FB_TestClass.Facebook_4TestClass -->
